Arguments: 
  C:\Program Files\nodejs\node.exe C:\Users\jungdo\AppData\Roaming\npm\node_modules\yarn\bin\yarn.js add leva

PATH: 
  C:\Program Files\Java\jdk1.8.0_66\bin;C:\WINDOWS\system32;C:\WINDOWS;C:\WINDOWS\System32\Wbem;C:\WINDOWS\System32\WindowsPowerShell\v1.0\;C:\WINDOWS\System32\OpenSSH\;C:\Gradle\gradle-7.3\bin;C:\Program Files\Git\cmd;%APPDATA%\Python\Scripts;C:\Users\jungdo\AppData\Roaming\pypoetry\venv\Scripts;C:\Users\jungdo\AppData\Roaming\nvm;C:\Program Files\nodejs;C:\Program Files\nodejs\;C:\Program Files\PuTTY\;C:\Program Files\Docker\Docker\resources\bin;C:\Users\jungdo\AppData\Local\Microsoft\WindowsApps;C:\Users\jungdo\AppData\Local\Programs\Microsoft VS Code\bin;C:\Program Files (x86)\SoftForum\XecureHSM\;C:\Users\jungdo\AppData\Roaming\npm;C:\Users\jungdo\AppData\Local\GitHubDesktop\bin;C:\Users\jungdo\AppData\Roaming\nvm;C:\Program Files\nodejs;C:\Program Files\JetBrains\IntelliJ IDEA 2022.3.2\bin;

Yarn version: 
  1.22.19

Node version: 
  18.17.0

Platform: 
  win32 x64

Trace: 
  Error: EPERM: operation not permitted, unlink 'C:\Users\jungdo\git\3d\node_modules\@esbuild\win32-x64\esbuild.exe'

npm manifest: 
  {
    "name": "3d",
    "version": "1.0.0",
    "description": "",
    "main": "index.js",
    "scripts": {
      "test": "echo \"Error: no test specified\" && exit 1",
      "dev": "vite --host"
    },
    "keywords": [],
    "author": "",
    "license": "ISC",
    "dependencies": {
      "@react-three/drei": "^9.112.0",
      "@react-three/fiber": "^8.17.7",
      "@react-three/rapier": "^1.4.0",
      "ecctrl": "^1.0.89",
      "react": "^18.3.1",
      "react-dom": "^18.3.1",
      "typescript": "^5.6.2",
      "vite": "^5.4.4"
    },
    "devDependencies": {
      "@types/react-dom": "^18.3.0"
    }
  }

yarn manifest: 
  No manifest

Lockfile: 
  No lockfile
